<?xml version="1.0" encoding="UTF-8"?>
<testng-results skipped="0" failed="1" ignored="0" total="2" passed="1">
  <reporter-output>
  </reporter-output>
  <suite name="Default suite" duration-ms="27917" started-at="2020-12-03T00:59:51Z" finished-at="2020-12-03T01:00:19Z">
    <groups>
    </groups>
    <test name="Default test" duration-ms="27917" started-at="2020-12-03T00:59:51Z" finished-at="2020-12-03T01:00:19Z">
      <class name="com.ups.testRunner.UpsTestRunner">
        <test-method status="PASS" signature="chromeDriverMethod()[pri:0, instance:com.ups.testRunner.UpsTestRunner@25d250c6]" name="chromeDriverMethod" is-config="true" duration-ms="11253" started-at="2020-12-03T00:59:51Z" finished-at="2020-12-03T01:00:02Z">
          <reporter-output>
          </reporter-output>
        </test-method> <!-- chromeDriverMethod -->
        <test-method status="FAIL" signature="loginTest()[pri:0, instance:com.ups.testRunner.UpsTestRunner@25d250c6]" name="loginTest" duration-ms="3568" started-at="2020-12-03T01:00:02Z" finished-at="2020-12-03T01:00:06Z">
          <exception class="java.lang.AssertionError">
            <message>
              <![CDATA[null]]>
            </message>
            <full-stacktrace>
              <![CDATA[java.lang.AssertionError: null
at org.testng.Assert.fail(Assert.java:96)
at org.testng.Assert.fail(Assert.java:103)
at com.ups.testRunner.UpsTestRunner.loginTest(UpsTestRunner.java:33)
at sun.reflect.NativeMethodAccessorImpl.invoke0(Native Method)
at sun.reflect.NativeMethodAccessorImpl.invoke(Unknown Source)
at sun.reflect.DelegatingMethodAccessorImpl.invoke(Unknown Source)
at java.lang.reflect.Method.invoke(Unknown Source)
at org.testng.internal.MethodInvocationHelper.invokeMethod(MethodInvocationHelper.java:124)
at org.testng.internal.Invoker.invokeMethod(Invoker.java:583)
at org.testng.internal.Invoker.invokeTestMethod(Invoker.java:719)
at org.testng.internal.Invoker.invokeTestMethods(Invoker.java:989)
at org.testng.internal.TestMethodWorker.invokeTestMethods(TestMethodWorker.java:125)
at org.testng.internal.TestMethodWorker.run(TestMethodWorker.java:109)
at org.testng.TestRunner.privateRun(TestRunner.java:648)
at org.testng.TestRunner.run(TestRunner.java:505)
at org.testng.SuiteRunner.runTest(SuiteRunner.java:455)
at org.testng.SuiteRunner.runSequentially(SuiteRunner.java:450)
at org.testng.SuiteRunner.privateRun(SuiteRunner.java:415)
at org.testng.SuiteRunner.run(SuiteRunner.java:364)
at org.testng.SuiteRunnerWorker.runSuite(SuiteRunnerWorker.java:52)
at org.testng.SuiteRunnerWorker.run(SuiteRunnerWorker.java:84)
at org.testng.TestNG.runSuitesSequentially(TestNG.java:1208)
at org.testng.TestNG.runSuitesLocally(TestNG.java:1137)
at org.testng.TestNG.runSuites(TestNG.java:1049)
at org.testng.TestNG.run(TestNG.java:1017)
at org.testng.remote.AbstractRemoteTestNG.run(AbstractRemoteTestNG.java:115)
at org.testng.remote.RemoteTestNG.initAndRun(RemoteTestNG.java:251)
at org.testng.remote.RemoteTestNG.main(RemoteTestNG.java:77)
]]>
            </full-stacktrace>
          </exception> <!-- java.lang.AssertionError -->
          <reporter-output>
          </reporter-output>
        </test-method> <!-- loginTest -->
        <test-method status="PASS" signature="afterMethod()[pri:0, instance:com.ups.testRunner.UpsTestRunner@25d250c6]" name="afterMethod" is-config="true" duration-ms="2228" started-at="2020-12-03T01:00:06Z" finished-at="2020-12-03T01:00:08Z">
          <reporter-output>
          </reporter-output>
        </test-method> <!-- afterMethod -->
        <test-method status="PASS" signature="chromeDriverMethod()[pri:0, instance:com.ups.testRunner.UpsTestRunner@25d250c6]" name="chromeDriverMethod" is-config="true" duration-ms="8687" started-at="2020-12-03T01:00:08Z" finished-at="2020-12-03T01:00:17Z">
          <reporter-output>
          </reporter-output>
        </test-method> <!-- chromeDriverMethod -->
        <test-method status="PASS" signature="noTest()[pri:0, instance:com.ups.testRunner.UpsTestRunner@25d250c6]" name="noTest" duration-ms="2" started-at="2020-12-03T01:00:17Z" finished-at="2020-12-03T01:00:17Z">
          <reporter-output>
          </reporter-output>
        </test-method> <!-- noTest -->
        <test-method status="PASS" signature="afterMethod()[pri:0, instance:com.ups.testRunner.UpsTestRunner@25d250c6]" name="afterMethod" is-config="true" duration-ms="2131" started-at="2020-12-03T01:00:17Z" finished-at="2020-12-03T01:00:19Z">
          <reporter-output>
          </reporter-output>
        </test-method> <!-- afterMethod -->
      </class> <!-- com.ups.testRunner.UpsTestRunner -->
    </test> <!-- Default test -->
  </suite> <!-- Default suite -->
</testng-results>
